<?xml version="1.0" encoding="UTF-8"?>
<robot generator="Robot 3.2.2 (Python 3.9.0 on win32)" generated="20201103 10:14:13.454" rpa="false">
<suite id="s1" name="NativeApp" source="E:\RobotWorkspace\AppiumProject\NativeAppSuite\NativeApp.robot">
<kw name="Start Process" library="Process" type="setup">
<doc>Starts a new process on background.</doc>
<arguments>
<arg>appium</arg>
<arg>shell=True</arg>
<arg>alias=appiumserver</arg>
</arguments>
<msg timestamp="20201103 10:14:13.636" level="INFO">Starting process:
appium</msg>
<status status="PASS" starttime="20201103 10:14:13.636" endtime="20201103 10:14:13.639"></status>
</kw>
<test id="s1-t1" name="KhanAcademyNativeApp">
<kw name="Open Application" library="AppiumLibrary">
<doc>Opens a new application to given Appium server.
Capabilities of appium server, Android and iOS,
Please check https://github.com/appium/appium/blob/master/docs/en/writing-running-appium/server-args.md
| *Option*            | *Man.* | *Description*     |
| remote_url          | Yes    | Appium server url |
| alias               | no     | alias             |</doc>
<arguments>
<arg>remote_url=http://localhost:4723/wd/hub</arg>
<arg>platformName=Android</arg>
<arg>deviceName=POCO F1</arg>
<arg>appPackage=org.khanacademy.android</arg>
<arg>appActivity=org.khanacademy.android.ui.library.MainActivity</arg>
<arg>adbExecTimeout=80000</arg>
<arg>uiautomator2ServerInstallTimeout=150000</arg>
<arg>androidInstallTimeout=250000</arg>
</arguments>
<kw name="Capture Page Screenshot" library="AppiumLibrary">
<doc>Takes a screenshot of the current page and embeds it into the log.</doc>
<status status="FAIL" starttime="20201103 10:16:40.720" endtime="20201103 10:16:40.720"></status>
</kw>
<msg timestamp="20201103 10:16:40.721" level="WARN">Keyword 'Capture Page Screenshot' could not be run on failure: Execution terminated by signal</msg>
<status status="FAIL" starttime="20201103 10:14:13.640" endtime="20201103 10:16:40.722"></status>
</kw>
<status status="FAIL" starttime="20201103 10:14:13.639" endtime="20201103 10:16:40.722" critical="yes">Execution terminated by signal</status>
</test>
<test id="s1-t2" name="KhanAcademyNativeAppScroll">
<tags>
<tag>robot:exit</tag>
</tags>
<status status="FAIL" starttime="20201103 10:16:40.723" endtime="20201103 10:16:40.723" critical="yes">Test execution stopped due to a fatal error.</status>
</test>
<kw name="Terminate Process" library="Process" type="teardown">
<doc>Stops the process gracefully or forcefully.</doc>
<arguments>
<arg>appiumserver</arg>
<arg>kill=true</arg>
</arguments>
<msg timestamp="20201103 10:16:40.724" level="INFO">Forcefully killing process.</msg>
<msg timestamp="20201103 10:16:40.824" level="INFO">Process completed.</msg>
<status status="PASS" starttime="20201103 10:16:40.724" endtime="20201103 10:16:40.824"></status>
</kw>
<status status="FAIL" starttime="20201103 10:14:13.455" endtime="20201103 10:16:40.824"></status>
</suite>
<statistics>
<total>
<stat pass="0" fail="2">Critical Tests</stat>
<stat pass="0" fail="2">All Tests</stat>
</total>
<tag>
<stat pass="0" fail="1" info="combined" combined="NOT robot:exit">NOT robot:exit</stat>
<stat pass="0" fail="1">robot:exit</stat>
</tag>
<suite>
<stat pass="0" fail="2" id="s1" name="NativeApp">NativeApp</stat>
</suite>
</statistics>
<errors>
<msg timestamp="20201103 10:16:40.721" level="WARN">Keyword 'Capture Page Screenshot' could not be run on failure: Execution terminated by signal</msg>
</errors>
</robot>
